<?xml version="1.0" encoding="UTF-8"?>
<testng-results ignored="0" total="1" passed="1" failed="0" skipped="0">
  <reporter-output>
    <line>
      <![CDATA[onStart method finishedSelenium]]>
    </line>
    <line>
      <![CDATA[Login Test Start]]>
    </line>
    <line>
      <![CDATA[Login Test End]]>
    </line>
  </reporter-output>
  <suite started-at="2022-06-12T02:21:39 IST" name="Default Suite" finished-at="2022-06-12T02:21:43 IST" duration-ms="3570">
    <groups>
    </groups>
    <test started-at="2022-06-12T02:21:39 IST" name="Selenium" finished-at="2022-06-12T02:21:43 IST" duration-ms="3570">
      <class name="Pages.loginPageTest">
        <test-method is-config="true" signature="setup()[pri:0, instance:Pages.loginPageTest@402e37bc]" started-at="2022-06-12T02:21:37 IST" name="setup" finished-at="2022-06-12T02:21:39 IST" duration-ms="2564" status="PASS">
          <reporter-output>
          </reporter-output>
        </test-method> <!-- setup -->
        <test-method is-config="true" signature="init()[pri:0, instance:Pages.loginPageTest@402e37bc]" started-at="2022-06-12T02:21:39 IST" name="init" finished-at="2022-06-12T02:21:39 IST" duration-ms="21" status="PASS">
          <reporter-output>
          </reporter-output>
        </test-method> <!-- init -->
        <test-method signature="loginPerformTest()[pri:0, instance:Pages.loginPageTest@402e37bc]" started-at="2022-06-12T02:21:40 IST" name="loginPerformTest" finished-at="2022-06-12T02:21:43 IST" duration-ms="3531" status="PASS">
          <reporter-output>
            <line>
              <![CDATA[Login Test Start]]>
            </line>
            <line>
              <![CDATA[Login Test End]]>
            </line>
          </reporter-output>
        </test-method> <!-- loginPerformTest -->
        <test-method is-config="true" signature="exit()[pri:0, instance:Pages.loginPageTest@402e37bc]" started-at="2022-06-12T02:21:43 IST" name="exit" finished-at="2022-06-12T02:21:43 IST" duration-ms="48" status="PASS">
          <reporter-output>
          </reporter-output>
        </test-method> <!-- exit -->
      </class> <!-- Pages.loginPageTest -->
    </test> <!-- Selenium -->
  </suite> <!-- Default Suite -->
</testng-results>
